GROUP,PACKAGE,CLASS,INSTRUCTION_MISSED,INSTRUCTION_COVERED,BRANCH_MISSED,BRANCH_COVERED,LINE_MISSED,LINE_COVERED,COMPLEXITY_MISSED,COMPLEXITY_COVERED,METHOD_MISSED,METHOD_COVERED
Yawg SPI,com.varmateo.yawg.spi,PageVarsBuilder.PageVarsImpl,14,10,0,0,5,4,2,2,2,2
Yawg SPI,com.varmateo.yawg.spi,PageVars.new PageVars() {...},7,0,0,0,3,0,3,0,3,0
Yawg SPI,com.varmateo.yawg.spi,TemplateDataModelBuilder,72,0,0,0,23,0,9,0,9,0
Yawg SPI,com.varmateo.yawg.spi,PageContextBuilder,54,38,0,0,15,12,6,6,6,6
Yawg SPI,com.varmateo.yawg.spi,TemplateDataModelBuilder.TemplateDataModelImpl,59,0,0,0,15,0,7,0,7,0
Yawg SPI,com.varmateo.yawg.spi,PageContextBuilder.PageContextImpl,0,42,0,0,0,10,0,5,0,5
Yawg SPI,com.varmateo.yawg.spi,PageVarsBuilder,26,21,0,0,6,5,4,3,4,3
Yawg SPI,com.varmateo.yawg.spi,PageVars,4,0,0,0,1,0,1,0,1,0
Yawg SPI,com.varmateo.yawg.spi,TemplateDataModel.Author,21,0,0,0,7,0,4,0,4,0
